<?xml version="1.0" encoding="UTF-8"?>
<testsuite xmlns:xsi="http://www.w3.org/2001/XMLSchema-instance" xsi:noNamespaceSchemaLocation="https://maven.apache.org/surefire/maven-surefire-plugin/xsd/surefire-test-report-3.0.xsd" version="3.0" name="prob2.DictionaryJUnitTest" time="0.024" tests="6" errors="0" skipped="0" failures="0">
  <properties>
[...]
</properties>
  <testcase name="testClear" classname="prob2.DictionaryJUnitTest" time="0.006"/>
  <testcase name="testFind" classname="prob2.DictionaryJUnitTest" time="0.002"/>
  <testcase name="testSize" classname="prob2.DictionaryJUnitTest" time="0.0"/>
  <testcase name="testInsert" classname="prob2.DictionaryJUnitTest" time="0.0"/>
  <testcase name="testRemove" classname="prob2.DictionaryJUnitTest" time="0.002"/>
  <testcase name="testRemoveAny" classname="prob2.DictionaryJUnitTest" time="0.0"/>
</testsuite>